#
# There is insufficient memory for the Java Runtime Environment to continue.
# Native memory allocation (malloc) failed to allocate 32744 bytes. Error detail: Chunk::new
# Possible reasons:
#   The system is out of physical RAM or swap space
#   This process is running with CompressedOops enabled, and the Java Heap may be blocking the growth of the native heap
# Possible solutions:
#   Reduce memory load on the system
#   Increase physical memory or swap space
#   Check if swap backing store is full
#   Decrease Java heap size (-Xmx/-Xms)
#   Decrease number of Java threads
#   Decrease Java thread stack sizes (-Xss)
#   Set larger code cache with -XX:ReservedCodeCacheSize=
#   JVM is running with Unscaled Compressed Oops mode in which the Java heap is
#     placed in the first 4GB address space. The Java Heap base address is the
#     maximum limit for the native heap growth. Please use -XX:HeapBaseMinAddress
#     to set the Java Heap base and to place the Java Heap above 4GB virtual address.
# This output file may be truncated or incomplete.
#
#  Out of Memory Error (arena.cpp:149), pid=21456, tid=3688
#
# JRE version: OpenJDK Runtime Environment Temurin-23.0.2+7 (23.0.2+7) (build 23.0.2+7)
# Java VM: OpenJDK 64-Bit Server VM Temurin-23.0.2+7 (23.0.2+7, mixed mode, sharing, tiered, compressed oops, compressed class ptrs, g1 gc, windows-amd64)
# No core dump will be written. Minidumps are not enabled by default on client versions of Windows
#

---------------  S U M M A R Y ------------

Command Line: -Dfile.encoding=UTF-8 -Duser.country=ES -Duser.language=es -Duser.variant com.handyReserve.spring.HandyReserveApplication

Host: Intel(R) Celeron(R) N4020 CPU @ 1.10GHz, 2 cores, 3G,  Windows 10 , 64 bit Build 19041 (10.0.19041.5678)
Time: Tue Apr 29 21:37:24 2025 Hora estándar de Venezuela elapsed time: 13.200714 seconds (0d 0h 0m 13s)

---------------  T H R E A D  ---------------

Current thread (0x0000018dd012bff0):  JavaThread "C2 CompilerThread0" daemon [_thread_in_native, id=3688, stack(0x0000004290f00000,0x0000004291000000) (1024K)]


Current CompileTask:
C2:13201 3598   !   4       jdk.internal.loader.BuiltinClassLoader::loadClassOrNull (143 bytes)

Stack: [0x0000004290f00000,0x0000004291000000]
Native frames: (J=compiled Java code, j=interpreted, Vv=VM code, C=native code)
V  [jvm.dll+0x6e8fa9]  (no source info available)
V  [jvm.dll+0x8d96b3]  (no source info available)
V  [jvm.dll+0x8dbb3e]  (no source info available)
V  [jvm.dll+0x8dc213]  (no source info available)
V  [jvm.dll+0x281bc6]  (no source info available)
V  [jvm.dll+0xbbb0f]  (no source info available)
V  [jvm.dll+0xbbefb]  (no source info available)
V  [jvm.dll+0xbb9bb]  (no source info available)
V  [jvm.dll+0x6c4aed]  (no source info available)
V  [jvm.dll+0xb36a8]  (no source info available)
V  [jvm.dll+0x67ba9d]  (no source info available)
V  [jvm.dll+0x3a6685]  (no source info available)
V  [jvm.dll+0x3a7303]  (no source info available)
V  [jvm.dll+0x3a326f]  (no source info available)
V  [jvm.dll+0x3a8bd2]  (no source info available)
V  [jvm.dll+0x6fd656]  (no source info available)
V  [jvm.dll+0x6fd710]  (no source info available)
V  [jvm.dll+0x6fff32]  (no source info available)
V  [jvm.dll+0x6fa324]  (no source info available)
V  [jvm.dll+0x6f99b7]  (no source info available)
V  [jvm.dll+0x6f7ab5]  (no source info available)
V  [jvm.dll+0x1cc04c]  (no source info available)
V  [jvm.dll+0x2f481c]  (no source info available)
V  [jvm.dll+0x702216]  (no source info available)
V  [jvm.dll+0x6fa324]  (no source info available)
V  [jvm.dll+0x6f99b7]  (no source info available)
V  [jvm.dll+0x6f7ab5]  (no source info available)
V  [jvm.dll+0x1cc04c]  (no source info available)
V  [jvm.dll+0x2f481c]  (no source info available)
V  [jvm.dll+0x702216]  (no source info available)
V  [jvm.dll+0x6fa324]  (no source info available)
V  [jvm.dll+0x6f99b7]  (no source info available)
V  [jvm.dll+0x6f7ab5]  (no source info available)
V  [jvm.dll+0x1cc04c]  (no source info available)
V  [jvm.dll+0x2f481c]  (no source info available)
V  [jvm.dll+0x702216]  (no source info available)
V  [jvm.dll+0x6fa324]  (no source info available)
V  [jvm.dll+0x6f99b7]  (no source info available)
V  [jvm.dll+0x6f7ab5]  (no source info available)
V  [jvm.dll+0x1cc04c]  (no source info available)
V  [jvm.dll+0x2f481c]  (no source info available)
V  [jvm.dll+0x702216]  (no source info available)
V  [jvm.dll+0x6fa324]  (no source info available)
V  [jvm.dll+0x6f99b7]  (no source info available)
V  [jvm.dll+0x6f7ab5]  (no source info available)
V  [jvm.dll+0x1cc04c]  (no source info available)
V  [jvm.dll+0x2f481c]  (no source info available)
V  [jvm.dll+0x702216]  (no source info available)
V  [jvm.dll+0x6fa324]  (no source info available)
V  [jvm.dll+0x6f99b7]  (no source info available)
V  [jvm.dll+0x6f7ab5]  (no source info available)
V  [jvm.dll+0x1cc04c]  (no source info available)
V  [jvm.dll+0x1ccbcb]  (no source info available)
V  [jvm.dll+0x2f481c]  (no source info available)
V  [jvm.dll+0x702216]  (no source info available)
V  [jvm.dll+0x6fa324]  (no source info available)
V  [jvm.dll+0x6f99b7]  (no source info available)
V  [jvm.dll+0x6f7ab5]  (no source info available)
V  [jvm.dll+0x1cc04c]  (no source info available)
V  [jvm.dll+0x1ccbcb]  (no source info available)
V  [jvm.dll+0x1ccbcb]  (no source info available)
V  [jvm.dll+0x2f481c]  (no source info available)
V  [jvm.dll+0x702216]  (no source info available)
V  [jvm.dll+0x6fa324]  (no source info available)
V  [jvm.dll+0x6f99b7]  (no source info available)
V  [jvm.dll+0x6f7ab5]  (no source info available)
V  [jvm.dll+0x1cc04c]  (no source info available)
V  [jvm.dll+0x1ccbcb]  (no source info available)
V  [jvm.dll+0x2f481c]  (no source info available)
V  [jvm.dll+0x702216]  (no source info available)
V  [jvm.dll+0x6fa324]  (no source info available)
V  [jvm.dll+0x6f99b7]  (no source info available)
V  [jvm.dll+0x6f7ab5]  (no source info available)
V  [jvm.dll+0x1cc04c]  (no source info available)
V  [jvm.dll+0x1ccbcb]  (no source info available)
V  [jvm.dll+0x2f481c]  (no source info available)
V  [jvm.dll+0x702216]  (no source info available)
V  [jvm.dll+0x6fa324]  (no source info available)
V  [jvm.dll+0x6f99b7]  (no source info available)
V  [jvm.dll+0x6f7ab5]  (no source info available)
V  [jvm.dll+0x1cc04c]  (no source info available)
V  [jvm.dll+0x1ccbcb]  (no source info available)
V  [jvm.dll+0x2f481c]  (no source info available)
V  [jvm.dll+0x702216]  (no source info available)
V  [jvm.dll+0x6fa324]  (no source info available)
V  [jvm.dll+0x6f99b7]  (no source info available)
V  [jvm.dll+0x6f7ab5]  (no source info available)
V  [jvm.dll+0x1cc04c]  (no source info available)
V  [jvm.dll+0x1ccbcb]  (no source info available)
V  [jvm.dll+0x2f481c]  (no source info available)
V  [jvm.dll+0x702216]  (no source info available)
V  [jvm.dll+0x6fa324]  (no source info available)
V  [jvm.dll+0x6f99b7]  (no source info available)
V  [jvm.dll+0x6f7ab5]  (no source info available)
V  [jvm.dll+0x1cc04c]  (no source info available)
V  [jvm.dll+0x1ccbcb]  (no source info available)
V  [jvm.dll+0x1ccbcb]  (no source info available)
V  [jvm.dll+0x1ccb0d]  (no source info available)
V  [jvm.dll+0x2f481c]  (no source info available)
...<more frames>...

Lock stack of current Java thread (top to bottom):


---------------  P R O C E S S  ---------------

Threads class SMR info:
_java_thread_list=0x0000018dd520c840, length=11, elements={
0x0000018dee680540, 0x0000018df09ae610, 0x0000018dd0122650, 0x0000018dd0126320,
0x0000018dd0127d90, 0x0000018dd01287f0, 0x0000018dd0129250, 0x0000018dd012bff0,
0x0000018dd014f5a0, 0x0000018dd02c3e80, 0x0000018dd02ca4c0
}

Java Threads: ( => current thread )
  0x0000018dee680540 JavaThread "main"                              [_thread_in_native, id=17880, stack(0x0000004290100000,0x0000004290200000) (1024K)]
  0x0000018df09ae610 JavaThread "Reference Handler"          daemon [_thread_blocked, id=4564, stack(0x0000004290900000,0x0000004290a00000) (1024K)]
  0x0000018dd0122650 JavaThread "Finalizer"                  daemon [_thread_blocked, id=20828, stack(0x0000004290a00000,0x0000004290b00000) (1024K)]
  0x0000018dd0126320 JavaThread "Signal Dispatcher"          daemon [_thread_blocked, id=16180, stack(0x0000004290b00000,0x0000004290c00000) (1024K)]
  0x0000018dd0127d90 JavaThread "Attach Listener"            daemon [_thread_blocked, id=14180, stack(0x0000004290c00000,0x0000004290d00000) (1024K)]
  0x0000018dd01287f0 JavaThread "Service Thread"             daemon [_thread_blocked, id=15680, stack(0x0000004290d00000,0x0000004290e00000) (1024K)]
  0x0000018dd0129250 JavaThread "Monitor Deflation Thread"   daemon [_thread_blocked, id=9100, stack(0x0000004290e00000,0x0000004290f00000) (1024K)]
=>0x0000018dd012bff0 JavaThread "C2 CompilerThread0"         daemon [_thread_in_native, id=3688, stack(0x0000004290f00000,0x0000004291000000) (1024K)]
  0x0000018dd014f5a0 JavaThread "C1 CompilerThread0"         daemon [_thread_blocked, id=18088, stack(0x0000004291000000,0x0000004291100000) (1024K)]
  0x0000018dd02c3e80 JavaThread "Notification Thread"        daemon [_thread_blocked, id=12828, stack(0x0000004291100000,0x0000004291200000) (1024K)]
  0x0000018dd02ca4c0 JavaThread "Common-Cleaner"             daemon [_thread_blocked, id=16040, stack(0x0000004291200000,0x0000004291300000) (1024K)]
Total: 11

Other Threads:
  0x0000018df099a170 VMThread "VM Thread"                           [id=12788, stack(0x0000004290800000,0x0000004290900000) (1024K)]
  0x0000018df0989090 WatcherThread "VM Periodic Task Thread"        [id=17316, stack(0x0000004290700000,0x0000004290800000) (1024K)]
  0x0000018df091b4c0 WorkerThread "GC Thread#0"                     [id=2212, stack(0x0000004290200000,0x0000004290300000) (1024K)]
  0x0000018dd08a8b10 WorkerThread "GC Thread#1"                     [id=14736, stack(0x0000004291300000,0x0000004291400000) (1024K)]
  0x0000018df0925f90 ConcurrentGCThread "G1 Main Marker"            [id=16756, stack(0x0000004290300000,0x0000004290400000) (1024K)]
  0x0000018df0928250 WorkerThread "G1 Conc#0"                       [id=14104, stack(0x0000004290400000,0x0000004290500000) (1024K)]
  0x0000018df09794f0 ConcurrentGCThread "G1 Refine#0"               [id=17600, stack(0x0000004290500000,0x0000004290600000) (1024K)]
  0x0000018df097a070 ConcurrentGCThread "G1 Service"                [id=6544, stack(0x0000004290600000,0x0000004290700000) (1024K)]
Total: 8

Threads with active compile tasks:
C2 CompilerThread0  15168 3598   !   4       jdk.internal.loader.BuiltinClassLoader::loadClassOrNull (143 bytes)
Total: 1

VM state: not at safepoint (normal execution)

VM Mutex/Monitor currently owned by a thread: None

Heap address: 0x00000000c2e00000, size: 978 MB, Compressed Oops mode: 32-bit

CDS archive(s) mapped at: [0x0000018d8f000000-0x0000018d8fd70000-0x0000018d8fd70000), size 14090240, SharedBaseAddress: 0x0000018d8f000000, ArchiveRelocationMode: 1.
Compressed class space mapped at: 0x0000018d90000000-0x0000018dd0000000, reserved size: 1073741824
Narrow klass base: 0x0000018d8f000000, Narrow klass shift: 0, Narrow klass range: 0x41000000

GC Precious Log:
 CardTable entry size: 512
 Card Set container configuration: InlinePtr #cards 5 size 8 Array Of Cards #cards 10 size 36 Howl #buckets 4 coarsen threshold 1843 Howl Bitmap #cards 512 size 80 coarsen threshold 460 Card regions per heap region 1 cards per card region 2048
 CPUs: 2 total, 2 available
 Memory: 3911M
 Large Page Support: Disabled
 NUMA Support: Disabled
 Compressed Oops: Enabled (32-bit)
 Heap Region Size: 1M
 Heap Min Capacity: 8M
 Heap Initial Capacity: 62M
 Heap Max Capacity: 978M
 Pre-touch: Disabled
 Parallel Workers: 2
 Concurrent Workers: 1
 Concurrent Refinement Workers: 2
 Periodic GC: Disabled

Heap:
 garbage-first heap   total reserved 1001472K, committed 40960K, used 20544K [0x00000000c2e00000, 0x0000000100000000)
  region size 1024K, 13 young (13312K), 3 survivors (3072K)
 Metaspace       used 23484K, committed 23872K, reserved 1114112K
  class space    used 2994K, committed 3136K, reserved 1048576K

Heap Regions: E=young(eden), S=young(survivor), O=old, HS=humongous(starts), HC=humongous(continues), CS=collection set, F=free, TAMS=top-at-mark-start, PB=parsable bottom
|   0|0x00000000c2e00000, 0x00000000c2f00000, 0x00000000c2f00000|100%| O|  |TAMS 0x00000000c2e00000| PB 0x00000000c2e00000| Untracked |  0
|   1|0x00000000c2f00000, 0x00000000c3000000, 0x00000000c3000000|100%| O|  |TAMS 0x00000000c2f00000| PB 0x00000000c2f00000| Untracked |  0
|   2|0x00000000c3000000, 0x00000000c3100000, 0x00000000c3100000|100%| O|  |TAMS 0x00000000c3000000| PB 0x00000000c3000000| Untracked |  0
|   3|0x00000000c3100000, 0x00000000c3200000, 0x00000000c3200000|100%| O|Cm|TAMS 0x00000000c3100000| PB 0x00000000c3100000| Complete |  0
|   4|0x00000000c3200000, 0x00000000c3300000, 0x00000000c3300000|100%| O|  |TAMS 0x00000000c3200000| PB 0x00000000c3200000| Untracked |  0
|   5|0x00000000c3300000, 0x00000000c3400000, 0x00000000c3400000|100%| O|  |TAMS 0x00000000c3300000| PB 0x00000000c3300000| Untracked |  0
|   6|0x00000000c3400000, 0x00000000c3500000, 0x00000000c3500000|100%| O|  |TAMS 0x00000000c3400000| PB 0x00000000c3400000| Untracked |  0
|   7|0x00000000c3500000, 0x00000000c3600000, 0x00000000c3600000|100%| O|  |TAMS 0x00000000c3500000| PB 0x00000000c3500000| Untracked |  0
|   8|0x00000000c3600000, 0x00000000c3662b00, 0x00000000c3700000| 38%| O|  |TAMS 0x00000000c3600000| PB 0x00000000c3600000| Untracked |  0
|   9|0x00000000c3700000, 0x00000000c3700000, 0x00000000c3800000|  0%| F|  |TAMS 0x00000000c3700000| PB 0x00000000c3700000| Untracked |  0
|  10|0x00000000c3800000, 0x00000000c3800000, 0x00000000c3900000|  0%| F|  |TAMS 0x00000000c3800000| PB 0x00000000c3800000| Untracked |  0
|  11|0x00000000c3900000, 0x00000000c3900000, 0x00000000c3a00000|  0%| F|  |TAMS 0x00000000c3900000| PB 0x00000000c3900000| Untracked |  0
|  12|0x00000000c3a00000, 0x00000000c3a00000, 0x00000000c3b00000|  0%| F|  |TAMS 0x00000000c3a00000| PB 0x00000000c3a00000| Untracked |  0
|  13|0x00000000c3b00000, 0x00000000c3b00000, 0x00000000c3c00000|  0%| F|  |TAMS 0x00000000c3b00000| PB 0x00000000c3b00000| Untracked |  0
|  14|0x00000000c3c00000, 0x00000000c3c00000, 0x00000000c3d00000|  0%| F|  |TAMS 0x00000000c3c00000| PB 0x00000000c3c00000| Untracked |  0
|  15|0x00000000c3d00000, 0x00000000c3d00000, 0x00000000c3e00000|  0%| F|  |TAMS 0x00000000c3d00000| PB 0x00000000c3d00000| Untracked |  0
|  16|0x00000000c3e00000, 0x00000000c3e00000, 0x00000000c3f00000|  0%| F|  |TAMS 0x00000000c3e00000| PB 0x00000000c3e00000| Untracked |  0
|  17|0x00000000c3f00000, 0x00000000c3f00000, 0x00000000c4000000|  0%| F|  |TAMS 0x00000000c3f00000| PB 0x00000000c3f00000| Untracked |  0
|  18|0x00000000c4000000, 0x00000000c4000000, 0x00000000c4100000|  0%| F|  |TAMS 0x00000000c4000000| PB 0x00000000c4000000| Untracked |  0
|  19|0x00000000c4100000, 0x00000000c4100000, 0x00000000c4200000|  0%| F|  |TAMS 0x00000000c4100000| PB 0x00000000c4100000| Untracked |  0
|  20|0x00000000c4200000, 0x00000000c4200000, 0x00000000c4300000|  0%| F|  |TAMS 0x00000000c4200000| PB 0x00000000c4200000| Untracked |  0
|  21|0x00000000c4300000, 0x00000000c4300000, 0x00000000c4400000|  0%| F|  |TAMS 0x00000000c4300000| PB 0x00000000c4300000| Untracked |  0
|  22|0x00000000c4400000, 0x00000000c4400000, 0x00000000c4500000|  0%| F|  |TAMS 0x00000000c4400000| PB 0x00000000c4400000| Untracked |  0
|  23|0x00000000c4500000, 0x00000000c4500000, 0x00000000c4600000|  0%| F|  |TAMS 0x00000000c4500000| PB 0x00000000c4500000| Untracked |  0
|  24|0x00000000c4600000, 0x00000000c4600000, 0x00000000c4700000|  0%| F|  |TAMS 0x00000000c4600000| PB 0x00000000c4600000| Untracked |  0
|  25|0x00000000c4700000, 0x00000000c4700000, 0x00000000c4800000|  0%| F|  |TAMS 0x00000000c4700000| PB 0x00000000c4700000| Untracked |  0
|  26|0x00000000c4800000, 0x00000000c4800000, 0x00000000c4900000|  0%| F|  |TAMS 0x00000000c4800000| PB 0x00000000c4800000| Untracked |  0
|  27|0x00000000c4900000, 0x00000000c49d78c0, 0x00000000c4a00000| 84%| E|  |TAMS 0x00000000c4900000| PB 0x00000000c4900000| Complete |  0
|  28|0x00000000c4a00000, 0x00000000c4b00000, 0x00000000c4b00000|100%| E|CS|TAMS 0x00000000c4a00000| PB 0x00000000c4a00000| Complete |  0
|  29|0x00000000c4b00000, 0x00000000c4c00000, 0x00000000c4c00000|100%| E|CS|TAMS 0x00000000c4b00000| PB 0x00000000c4b00000| Complete |  0
|  30|0x00000000c4c00000, 0x00000000c4d00000, 0x00000000c4d00000|100%| E|CS|TAMS 0x00000000c4c00000| PB 0x00000000c4c00000| Complete |  0
|  31|0x00000000c4d00000, 0x00000000c4dad570, 0x00000000c4e00000| 67%| S|CS|TAMS 0x00000000c4d00000| PB 0x00000000c4d00000| Complete |  0
|  32|0x00000000c4e00000, 0x00000000c4f00000, 0x00000000c4f00000|100%| S|CS|TAMS 0x00000000c4e00000| PB 0x00000000c4e00000| Complete |  0
|  33|0x00000000c4f00000, 0x00000000c5000000, 0x00000000c5000000|100%| E|CS|TAMS 0x00000000c4f00000| PB 0x00000000c4f00000| Complete |  0
|  34|0x00000000c5000000, 0x00000000c5100000, 0x00000000c5100000|100%| E|CS|TAMS 0x00000000c5000000| PB 0x00000000c5000000| Complete |  0
|  35|0x00000000c5100000, 0x00000000c5200000, 0x00000000c5200000|100%| E|CS|TAMS 0x00000000c5100000| PB 0x00000000c5100000| Complete |  0
|  36|0x00000000c5200000, 0x00000000c5300000, 0x00000000c5300000|100%| E|CS|TAMS 0x00000000c5200000| PB 0x00000000c5200000| Complete |  0
|  37|0x00000000c5300000, 0x00000000c5400000, 0x00000000c5400000|100%| S|CS|TAMS 0x00000000c5300000| PB 0x00000000c5300000| Complete |  0
|  38|0x00000000c5400000, 0x00000000c5500000, 0x00000000c5500000|100%| E|CS|TAMS 0x00000000c5400000| PB 0x00000000c5400000| Complete |  0
|  39|0x00000000c5500000, 0x00000000c5600000, 0x00000000c5600000|100%| E|CS|TAMS 0x00000000c5500000| PB 0x00000000c5500000| Complete |  0

Card table byte_map: [0x0000018df06a0000,0x0000018df0890000] _byte_map_base: 0x0000018df0089000

Marking Bits: (CMBitMap*) 0x0000018df091bbd0
 Bits: [0x0000018df9270000, 0x0000018dfa1b8000)

Polling page: 0x0000018dee7a0000

Metaspace:

Usage:
  Non-class:     20.01 MB used.
      Class:      2.92 MB used.
       Both:     22.93 MB used.

Virtual space:
  Non-class space:       64.00 MB reserved,      20.25 MB ( 32%) committed,  1 nodes.
      Class space:        1.00 GB reserved,       3.06 MB ( <1%) committed,  1 nodes.
             Both:        1.06 GB reserved,      23.31 MB (  2%) committed. 

Chunk freelists:
   Non-Class:  10.83 MB
       Class:  12.89 MB
        Both:  23.71 MB

MaxMetaspaceSize: unlimited
CompressedClassSpaceSize: 1.00 GB
Initial GC threshold: 21.00 MB
Current GC threshold: 35.12 MB
CDS: on
 - commit_granule_bytes: 65536.
 - commit_granule_words: 8192.
 - virtual_space_node_default_size: 8388608.
 - enlarge_chunks_in_place: 1.
 - use_allocation_guard: 0.


Internal statistics:

num_allocs_failed_limit: 3.
num_arena_births: 428.
num_arena_deaths: 0.
num_vsnodes_births: 2.
num_vsnodes_deaths: 0.
num_space_committed: 373.
num_space_uncommitted: 0.
num_chunks_returned_to_freelist: 3.
num_chunks_taken_from_freelist: 1238.
num_chunk_merges: 3.
num_chunk_splits: 833.
num_chunks_enlarged: 590.
num_inconsistent_stats: 0.

CodeHeap 'non-profiled nmethods': size=120128Kb used=1201Kb max_used=1201Kb free=118926Kb
 bounds [0x0000018d87ab0000, 0x0000018d87d20000, 0x0000018d8f000000]
CodeHeap 'profiled nmethods': size=120000Kb used=5566Kb max_used=5566Kb free=114433Kb
 bounds [0x0000018d80000000, 0x0000018d80570000, 0x0000018d87530000]
CodeHeap 'non-nmethods': size=5632Kb used=1450Kb max_used=1476Kb free=4182Kb
 bounds [0x0000018d87530000, 0x0000018d877a0000, 0x0000018d87ab0000]
CodeCache: size=245760Kb, used=8217Kb, max_used=8243Kb, free=237541Kb
 total_blobs=4153, nmethods=3608, adapters=451, full_count=0
Compilation: enabled, stopped_count=0, restarted_count=0

Compilation events (20 events):
Event: 13.047 Thread 0x0000018dd014f5a0 3590   !   3       java.util.logging.LogManager::ensureLogManagerInitialized (144 bytes)
Event: 13.048 Thread 0x0000018dd014f5a0 nmethod 3590 0x0000018d80567288 code [0x0000018d80567520, 0x0000018d805686e8]
Event: 13.048 Thread 0x0000018dd014f5a0 3591       3       java.lang.ref.WeakReference::<init> (6 bytes)
Event: 13.048 Thread 0x0000018dd014f5a0 nmethod 3591 0x0000018d80568788 code [0x0000018d805688c0, 0x0000018d80568bc8]
Event: 13.052 Thread 0x0000018dd014f5a0 3592       3       java.lang.StringLatin1::lastIndexOf (125 bytes)
Event: 13.052 Thread 0x0000018dd014f5a0 nmethod 3592 0x0000018d80568c08 code [0x0000018d80568d60, 0x0000018d80569198]
Event: 13.054 Thread 0x0000018dd014f5a0 3593       3       java.nio.ByteBuffer::flip (7 bytes)
Event: 13.054 Thread 0x0000018dd014f5a0 nmethod 3593 0x0000018d80569208 code [0x0000018d80569320, 0x0000018d805694a0]
Event: 13.055 Thread 0x0000018dd014f5a0 3594       3       sun.nio.cs.UTF_8$Decoder::decodeLoop (28 bytes)
Event: 13.056 Thread 0x0000018dd014f5a0 nmethod 3594 0x0000018d80569508 code [0x0000018d80569660, 0x0000018d80569a18]
Event: 13.056 Thread 0x0000018dd014f5a0 3595       3       java.lang.System$2::decodeASCII (11 bytes)
Event: 13.056 Thread 0x0000018dd014f5a0 nmethod 3595 0x0000018d80569a88 code [0x0000018d80569ba0, 0x0000018d80569ce8]
Event: 13.056 Thread 0x0000018dd014f5a0 3596       3       sun.nio.cs.UTF_8$Decoder::xflow (31 bytes)
Event: 13.056 Thread 0x0000018dd014f5a0 nmethod 3596 0x0000018d80569d88 code [0x0000018d80569f00, 0x0000018d8056a450]
Event: 13.057 Thread 0x0000018dd014f5a0 3597       1       java.util.ResourceBundle$CacheKey::getLocale (5 bytes)
Event: 13.057 Thread 0x0000018dd014f5a0 nmethod 3597 0x0000018d87bdb888 code [0x0000018d87bdb9a0, 0x0000018d87bdba68]
Event: 13.057 Thread 0x0000018dd012bff0 3598   !   4       jdk.internal.loader.BuiltinClassLoader::loadClassOrNull (143 bytes)
Event: 13.104 Thread 0x0000018dd014f5a0 3601       3       java.lang.invoke.LambdaFormEditor$TransformKey::of (51 bytes)
Event: 13.104 Thread 0x0000018dd014f5a0 nmethod 3601 0x0000018d8056a488 code [0x0000018d8056a600, 0x0000018d8056aab8]
Event: 13.104 Thread 0x0000018dd014f5a0 3602       3       jdk.internal.org.objectweb.asm.SymbolTable::addConstant (330 bytes)

GC Heap History (12 events):
Event: 1.732 GC heap before
{Heap before GC invocations=0 (full 0):
 garbage-first heap   total reserved 1001472K, committed 63488K, used 7168K [0x00000000c2e00000, 0x0000000100000000)
  region size 1024K, 7 young (7168K), 0 survivors (0K)
 Metaspace       used 1741K, committed 1856K, reserved 1114112K
  class space    used 160K, committed 192K, reserved 1048576K
}
Event: 1.743 GC heap after
{Heap after GC invocations=1 (full 0):
 garbage-first heap   total reserved 1001472K, committed 63488K, used 3200K [0x00000000c2e00000, 0x0000000100000000)
  region size 1024K, 1 young (1024K), 1 survivors (1024K)
 Metaspace       used 1741K, committed 1856K, reserved 1114112K
  class space    used 160K, committed 192K, reserved 1048576K
}
Event: 2.349 GC heap before
{Heap before GC invocations=1 (full 0):
 garbage-first heap   total reserved 1001472K, committed 63488K, used 8320K [0x00000000c2e00000, 0x0000000100000000)
  region size 1024K, 6 young (6144K), 1 survivors (1024K)
 Metaspace       used 3681K, committed 3840K, reserved 1114112K
  class space    used 436K, committed 512K, reserved 1048576K
}
Event: 2.355 GC heap after
{Heap after GC invocations=2 (full 0):
 garbage-first heap   total reserved 1001472K, committed 63488K, used 3786K [0x00000000c2e00000, 0x0000000100000000)
  region size 1024K, 1 young (1024K), 1 survivors (1024K)
 Metaspace       used 3681K, committed 3840K, reserved 1114112K
  class space    used 436K, committed 512K, reserved 1048576K
}
Event: 4.163 GC heap before
{Heap before GC invocations=2 (full 0):
 garbage-first heap   total reserved 1001472K, committed 63488K, used 17098K [0x00000000c2e00000, 0x0000000100000000)
  region size 1024K, 15 young (15360K), 1 survivors (1024K)
 Metaspace       used 7715K, committed 7936K, reserved 1114112K
  class space    used 997K, committed 1088K, reserved 1048576K
}
Event: 4.171 GC heap after
{Heap after GC invocations=3 (full 0):
 garbage-first heap   total reserved 1001472K, committed 63488K, used 5082K [0x00000000c2e00000, 0x0000000100000000)
  region size 1024K, 2 young (2048K), 2 survivors (2048K)
 Metaspace       used 7715K, committed 7936K, reserved 1114112K
  class space    used 997K, committed 1088K, reserved 1048576K
}
Event: 5.276 GC heap before
{Heap before GC invocations=3 (full 0):
 garbage-first heap   total reserved 1001472K, committed 63488K, used 21466K [0x00000000c2e00000, 0x0000000100000000)
  region size 1024K, 19 young (19456K), 2 survivors (2048K)
 Metaspace       used 12156K, committed 12480K, reserved 1114112K
  class space    used 1506K, committed 1664K, reserved 1048576K
}
Event: 5.291 GC heap after
{Heap after GC invocations=4 (full 0):
 garbage-first heap   total reserved 1001472K, committed 63488K, used 6807K [0x00000000c2e00000, 0x0000000100000000)
  region size 1024K, 3 young (3072K), 3 survivors (3072K)
 Metaspace       used 12156K, committed 12480K, reserved 1114112K
  class space    used 1506K, committed 1664K, reserved 1048576K
}
Event: 7.673 GC heap before
{Heap before GC invocations=4 (full 0):
 garbage-first heap   total reserved 1001472K, committed 63488K, used 28311K [0x00000000c2e00000, 0x0000000100000000)
  region size 1024K, 25 young (25600K), 3 survivors (3072K)
 Metaspace       used 17398K, committed 17728K, reserved 1114112K
  class space    used 2206K, committed 2368K, reserved 1048576K
}
Event: 7.692 GC heap after
{Heap after GC invocations=5 (full 0):
 garbage-first heap   total reserved 1001472K, committed 63488K, used 9112K [0x00000000c2e00000, 0x0000000100000000)
  region size 1024K, 4 young (4096K), 4 survivors (4096K)
 Metaspace       used 17398K, committed 17728K, reserved 1114112K
  class space    used 2206K, committed 2368K, reserved 1048576K
}
Event: 11.372 GC heap before
{Heap before GC invocations=5 (full 0):
 garbage-first heap   total reserved 1001472K, committed 63488K, used 32664K [0x00000000c2e00000, 0x0000000100000000)
  region size 1024K, 28 young (28672K), 4 survivors (4096K)
 Metaspace       used 21127K, committed 21504K, reserved 1114112K
  class space    used 2683K, committed 2880K, reserved 1048576K
}
Event: 11.389 GC heap after
{Heap after GC invocations=6 (full 0):
 garbage-first heap   total reserved 1001472K, committed 63488K, used 11328K [0x00000000c2e00000, 0x0000000100000000)
  region size 1024K, 3 young (3072K), 3 survivors (3072K)
 Metaspace       used 21127K, committed 21504K, reserved 1114112K
  class space    used 2683K, committed 2880K, reserved 1048576K
}

Dll operation events (7 events):
Event: 0.068 Loaded shared library F:\ProgamFiles\jdkJava\Temurin-JDK\bin\java.dll
Event: 0.272 Loaded shared library F:\ProgamFiles\jdkJava\Temurin-JDK\bin\jsvml.dll
Event: 0.583 Loaded shared library F:\ProgamFiles\jdkJava\Temurin-JDK\bin\net.dll
Event: 0.658 Loaded shared library F:\ProgamFiles\jdkJava\Temurin-JDK\bin\nio.dll
Event: 0.669 Loaded shared library F:\ProgamFiles\jdkJava\Temurin-JDK\bin\zip.dll
Event: 1.230 Loaded shared library F:\ProgamFiles\jdkJava\Temurin-JDK\bin\jimage.dll
Event: 6.972 Loaded shared library F:\ProgamFiles\jdkJava\Temurin-JDK\bin\sunmscapi.dll

Deoptimization events (20 events):
Event: 10.695 Thread 0x0000018dee680540 Uncommon trap: trap_request=0xffffff45 fr.pc=0x0000018d87b0bc60 relative=0x0000000000000060
Event: 10.695 Thread 0x0000018dee680540 Uncommon trap: reason=unstable_if action=reinterpret pc=0x0000018d87b0bc60 method=java.lang.ref.ReferenceQueue.poll()Ljava/lang/ref/Reference; @ 4 c2
Event: 10.695 Thread 0x0000018dee680540 DEOPT PACKING pc=0x0000018d87b0bc60 sp=0x00000042901fd840
Event: 10.695 Thread 0x0000018dee680540 DEOPT UNPACKING pc=0x0000018d875843fc sp=0x00000042901fd7d0 mode 2
Event: 10.699 Thread 0x0000018dee680540 DEOPT PACKING pc=0x0000018d80147cb9 sp=0x00000042901fd240
Event: 10.699 Thread 0x0000018dee680540 DEOPT UNPACKING pc=0x0000018d87584b83 sp=0x00000042901fc730 mode 0
Event: 10.700 Thread 0x0000018dee680540 DEOPT PACKING pc=0x0000018d80147cb9 sp=0x00000042901fd240
Event: 10.700 Thread 0x0000018dee680540 DEOPT UNPACKING pc=0x0000018d87584b83 sp=0x00000042901fc730 mode 0
Event: 10.700 Thread 0x0000018dee680540 DEOPT PACKING pc=0x0000018d80147cb9 sp=0x00000042901fd240
Event: 10.700 Thread 0x0000018dee680540 DEOPT UNPACKING pc=0x0000018d87584b83 sp=0x00000042901fc730 mode 0
Event: 11.338 Thread 0x0000018dee680540 Uncommon trap: trap_request=0xffffff45 fr.pc=0x0000018d87ba0444 relative=0x0000000000000ae4
Event: 11.338 Thread 0x0000018dee680540 Uncommon trap: reason=unstable_if action=reinterpret pc=0x0000018d87ba0444 method=java.io.WinNTFileSystem.resolve(Ljava/lang/String;Ljava/lang/String;)Ljava/lang/String; @ 179 c2
Event: 11.339 Thread 0x0000018dee680540 DEOPT PACKING pc=0x0000018d87ba0444 sp=0x00000042901fe0d0
Event: 11.339 Thread 0x0000018dee680540 DEOPT UNPACKING pc=0x0000018d875843fc sp=0x00000042901fe078 mode 2
Event: 12.340 Thread 0x0000018dee680540 DEOPT PACKING pc=0x0000018d8037c768 sp=0x00000042901fdc20
Event: 12.340 Thread 0x0000018dee680540 DEOPT UNPACKING pc=0x0000018d87584b83 sp=0x00000042901fd0d8 mode 0
Event: 13.099 Thread 0x0000018dee680540 Uncommon trap: trap_request=0xffffff45 fr.pc=0x0000018d87b30be4 relative=0x0000000000000584
Event: 13.099 Thread 0x0000018dee680540 Uncommon trap: reason=unstable_if action=reinterpret pc=0x0000018d87b30be4 method=java.lang.StringLatin1.getChars(II[B)I @ 25 c2
Event: 13.099 Thread 0x0000018dee680540 DEOPT PACKING pc=0x0000018d87b30be4 sp=0x00000042901fef00
Event: 13.099 Thread 0x0000018dee680540 DEOPT UNPACKING pc=0x0000018d875843fc sp=0x00000042901fee50 mode 2

Classes loaded (20 events):
Event: 12.878 Loading class jdk/internal/logger/LazyLoggers$LazyLoggerFactories
Event: 12.878 Loading class jdk/internal/logger/LazyLoggers$LazyLoggerFactories done
Event: 12.879 Loading class jdk/internal/logger/LoggerFinderLoader
Event: 12.880 Loading class jdk/internal/logger/LoggerFinderLoader done
Event: 12.880 Loading class java/io/FilePermission$1
Event: 12.881 Loading class jdk/internal/access/JavaIOFilePermissionAccess
Event: 12.881 Loading class jdk/internal/access/JavaIOFilePermissionAccess done
Event: 12.881 Loading class java/io/FilePermission$1 done
Event: 12.882 Loading class jdk/internal/logger/LoggerFinderLoader$TemporaryLoggerFinder
Event: 12.882 Loading class jdk/internal/logger/LoggerFinderLoader$TemporaryLoggerFinder done
Event: 12.883 Loading class sun/util/logging/internal/LoggingProviderImpl$JULWrapper
Event: 12.883 Loading class sun/util/logging/internal/LoggingProviderImpl$JULWrapper done
Event: 12.894 Loading class java/util/concurrent/atomic/Striped64$1
Event: 12.895 Loading class java/util/concurrent/atomic/Striped64$1 done
Event: 13.073 Loading class java/lang/instrument/IllegalClassFormatException
Event: 13.074 Loading class java/lang/instrument/IllegalClassFormatException done
Event: 13.074 Loading class java/lang/UnsupportedClassVersionError
Event: 13.075 Loading class java/lang/ClassFormatError
Event: 13.075 Loading class java/lang/ClassFormatError done
Event: 13.075 Loading class java/lang/UnsupportedClassVersionError done

Classes unloaded (0 events):
No events

Classes redefined (0 events):
No events

Internal exceptions (20 events):
Event: 9.640 Thread 0x0000018dee680540 Exception <a 'java/lang/NoClassDefFoundError'{0x00000000c5b55ad8}: org/flywaydb/core/Flyway> (0x00000000c5b55ad8) 
thrown [s\src\hotspot\share\classfile\systemDictionary.cpp, line 302]
Event: 9.641 Thread 0x0000018dee680540 Exception <a 'java/lang/NoClassDefFoundError'{0x00000000c5b57af0}: liquibase/integration/spring/SpringLiquibase> (0x00000000c5b57af0) 
thrown [s\src\hotspot\share\classfile\systemDictionary.cpp, line 302]
Event: 9.794 Thread 0x0000018dee680540 Exception <a 'java/lang/NoSuchMethodError'{0x00000000c5a675e0}: 'void java.lang.invoke.DirectMethodHandle$Holder.invokeSpecial(java.lang.Object, java.lang.Object, java.lang.Object, java.lang.Object, java.lang.Object, java.lang.Object)'> (0x00000000c5a675e0) 
thrown [s\src\hotspot\share\interpreter\linkResolver.cpp, line 796]
Event: 9.826 Thread 0x0000018dee680540 Exception <a 'java/lang/NoSuchMethodError'{0x00000000c5abe238}: 'void java.lang.invoke.DirectMethodHandle$Holder.invokeVirtual(java.lang.Object, java.lang.Object, int)'> (0x00000000c5abe238) 
thrown [s\src\hotspot\share\interpreter\linkResolver.cpp, line 796]
Event: 9.840 Thread 0x0000018dee680540 Exception <a 'java/lang/NoSuchMethodError'{0x00000000c5ad05d0}: 'java.lang.Object java.lang.invoke.DirectMethodHandle$Holder.invokeStatic(java.lang.Object, java.lang.Object, java.lang.Object, java.lang.Object, int)'> (0x00000000c5ad05d0) 
thrown [s\src\hotspot\share\interpreter\linkResolver.cpp, line 796]
Event: 9.848 Thread 0x0000018dee680540 Exception <a 'java/lang/NoSuchMethodError'{0x00000000c5adb448}: 'void java.lang.invoke.DelegatingMethodHandle$Holder.reinvoke_L(java.lang.Object, java.lang.Object, int)'> (0x00000000c5adb448) 
thrown [s\src\hotspot\share\interpreter\linkResolver.cpp, line 796]
Event: 9.898 Thread 0x0000018dee680540 Exception <a 'java/lang/NoSuchMethodError'{0x00000000c59306a0}: 'java.lang.Object java.lang.invoke.DirectMethodHandle$Holder.invokeVirtual(java.lang.Object, java.lang.Object, java.lang.Object, java.lang.Object, java.lang.Object)'> (0x00000000c59306a0) 
thrown [s\src\hotspot\share\interpreter\linkResolver.cpp, line 796]
Event: 10.345 Thread 0x0000018dee680540 Exception <a 'java/lang/NoSuchMethodError'{0x00000000c566d3b8}: 'java.lang.Object java.lang.invoke.DirectMethodHandle$Holder.invokeVirtual(java.lang.Object, java.lang.Object, java.lang.Object, java.lang.Object, java.lang.Object, java.lang.Object)'> (0x00000000c566d3b8) 
thrown [s\src\hotspot\share\interpreter\linkResolver.cpp, line 796]
Event: 10.670 Thread 0x0000018dee680540 Exception <a 'java/lang/NoSuchMethodError'{0x00000000c559b660}: 'void java.lang.invoke.DirectMethodHandle$Holder.invokeInterface(java.lang.Object, java.lang.Object, int)'> (0x00000000c559b660) 
thrown [s\src\hotspot\share\interpreter\linkResolver.cpp, line 796]
Event: 10.680 Thread 0x0000018dee680540 Exception <a 'java/lang/IncompatibleClassChangeError'{0x00000000c55de828}: Found class java.lang.Object, but interface was expected> (0x00000000c55de828) 
thrown [s\src\hotspot\share\interpreter\linkResolver.cpp, line 863]
Event: 10.685 Thread 0x0000018dee680540 Exception <a 'java/lang/NoSuchMethodError'{0x00000000c55ecbb8}: 'int java.lang.invoke.DirectMethodHandle$Holder.invokeSpecialIFC(java.lang.Object, java.lang.Object, java.lang.Object)'> (0x00000000c55ecbb8) 
thrown [s\src\hotspot\share\interpreter\linkResolver.cpp, line 796]
Event: 11.433 Thread 0x0000018dee680540 Exception <a 'java/lang/NoSuchMethodError'{0x00000000c5525a60}: 'int java.lang.invoke.DirectMethodHandle$Holder.invokeSpecial(java.lang.Object, java.lang.Object, int)'> (0x00000000c5525a60) 
thrown [s\src\hotspot\share\interpreter\linkResolver.cpp, line 796]
Event: 11.442 Thread 0x0000018dee680540 Exception <a 'java/lang/NoSuchMethodError'{0x00000000c5534e88}: 'void java.lang.invoke.DirectMethodHandle$Holder.invokeStatic(java.lang.Object, java.lang.Object, java.lang.Object, int, java.lang.Object)'> (0x00000000c5534e88) 
thrown [s\src\hotspot\share\interpreter\linkResolver.cpp, line 796]
Event: 11.443 Thread 0x0000018dee680540 Exception <a 'java/lang/NoSuchMethodError'{0x00000000c553b7a8}: 'java.lang.Object java.lang.invoke.DirectMethodHandle$Holder.newInvokeSpecial(java.lang.Object, java.lang.Object, java.lang.Object, int)'> (0x00000000c553b7a8) 
thrown [s\src\hotspot\share\interpreter\linkResolver.cpp, line 796]
Event: 11.452 Thread 0x0000018dee680540 Exception <a 'java/lang/NoSuchMethodError'{0x00000000c553f680}: 'java.lang.Object java.lang.invoke.DirectMethodHandle$Holder.invokeSpecial(java.lang.Object, java.lang.Object, java.lang.Object, java.lang.Object, int)'> (0x00000000c553f680) 
thrown [s\src\hotspot\share\interpreter\linkResolver.cpp, line 796]
Event: 11.453 Thread 0x0000018dee680540 Exception <a 'java/lang/NoSuchMethodError'{0x00000000c5542b20}: 'java.lang.Object java.lang.invoke.Invokers$Holder.linkToTargetMethod(java.lang.Object, java.lang.Object, int, java.lang.Object)'> (0x00000000c5542b20) 
thrown [s\src\hotspot\share\interpreter\linkResolver.cpp, line 796]
Event: 11.801 Thread 0x0000018dee680540 Exception <a 'java/lang/NoSuchMethodError'{0x00000000c51d78b8}: 'java.lang.Object java.lang.invoke.DirectMethodHandle$Holder.invokeStaticInit(java.lang.Object, int, int, int, int)'> (0x00000000c51d78b8) 
thrown [s\src\hotspot\share\interpreter\linkResolver.cpp, line 796]
Event: 11.888 Thread 0x0000018dee680540 Exception <a 'java/lang/NoSuchMethodError'{0x00000000c51f0288}: 'java.lang.Object java.lang.invoke.DirectMethodHandle$Holder.invokeStaticInit(java.lang.Object, java.lang.Object, int, int, int, int)'> (0x00000000c51f0288) 
thrown [s\src\hotspot\share\interpreter\linkResolver.cpp, line 796]
Event: 13.103 Thread 0x0000018dee680540 Exception <a 'java/lang/NoSuchMethodError'{0x00000000c4a9fa90}: 'int java.lang.invoke.DirectMethodHandle$Holder.invokeVirtual(java.lang.Object, java.lang.Object, java.lang.Object, java.lang.Object)'> (0x00000000c4a9fa90) 
thrown [s\src\hotspot\share\interpreter\linkResolver.cpp, line 796]
Event: 13.103 Thread 0x0000018dee680540 Exception <a 'java/lang/NoSuchMethodError'{0x00000000c4aa3328}: 'int java.lang.invoke.DelegatingMethodHandle$Holder.reinvoke_L(java.lang.Object, java.lang.Object, java.lang.Object, java.lang.Object)'> (0x00000000c4aa3328) 
thrown [s\src\hotspot\share\interpreter\linkResolver.cpp, line 796]

VM Operations (20 events):
Event: 9.812 Executing VM operation: HandshakeAllThreads (Deoptimize)
Event: 9.812 Executing VM operation: HandshakeAllThreads (Deoptimize) done
Event: 9.814 Executing VM operation: HandshakeAllThreads (Deoptimize)
Event: 9.814 Executing VM operation: HandshakeAllThreads (Deoptimize) done
Event: 11.372 Executing VM operation: CollectForMetadataAllocation (Metadata GC Threshold)
Event: 11.389 Executing VM operation: CollectForMetadataAllocation (Metadata GC Threshold) done
Event: 11.409 Executing VM operation: G1PauseRemark
Event: 11.416 Executing VM operation: G1PauseRemark done
Event: 11.427 Executing VM operation: G1PauseCleanup
Event: 11.427 Executing VM operation: G1PauseCleanup done
Event: 11.699 Executing VM operation: HandshakeAllThreads (Deoptimize)
Event: 11.700 Executing VM operation: HandshakeAllThreads (Deoptimize) done
Event: 11.737 Executing VM operation: HandshakeAllThreads (Deoptimize)
Event: 11.737 Executing VM operation: HandshakeAllThreads (Deoptimize) done
Event: 11.861 Executing VM operation: HandshakeAllThreads (Deoptimize)
Event: 11.861 Executing VM operation: HandshakeAllThreads (Deoptimize) done
Event: 12.416 Executing VM operation: HandshakeAllThreads (Deoptimize)
Event: 12.416 Executing VM operation: HandshakeAllThreads (Deoptimize) done
Event: 13.077 Executing VM operation: HandshakeAllThreads (Deoptimize)
Event: 13.077 Executing VM operation: HandshakeAllThreads (Deoptimize) done

Memory protections (0 events):
No events

Nmethod flushes (0 events):
No events

Events (15 events):
Event: 0.149 Thread 0x0000018dee680540 Thread added: 0x0000018dee680540
Event: 0.220 Thread 0x0000018dee680540 Thread added: 0x0000018df09ae610
Event: 0.220 Thread 0x0000018dee680540 Thread added: 0x0000018dd0122650
Event: 0.221 Thread 0x0000018dee680540 Thread added: 0x0000018dd0126320
Event: 0.221 Thread 0x0000018dee680540 Thread added: 0x0000018dd0127d90
Event: 0.222 Thread 0x0000018dee680540 Thread added: 0x0000018dd01287f0
Event: 0.222 Thread 0x0000018dee680540 Thread added: 0x0000018dd0129250
Event: 0.222 Thread 0x0000018dee680540 Thread added: 0x0000018dd012bff0
Event: 0.224 Thread 0x0000018dee680540 Thread added: 0x0000018dd014f5a0
Event: 0.457 Thread 0x0000018dee680540 Thread added: 0x0000018dd02c3e80
Event: 0.521 Thread 0x0000018dee680540 Thread added: 0x0000018dd02ca4c0
Event: 4.259 Thread 0x0000018dee680540 Thread added: 0x0000018dd0ef5a90
Event: 7.059 Thread 0x0000018dd0ef5a90 Thread exited: 0x0000018dd0ef5a90
Event: 7.284 Thread 0x0000018dee680540 Thread added: 0x0000018dd558b070
Event: 7.378 Thread 0x0000018dd558b070 Thread exited: 0x0000018dd558b070


Dynamic libraries:
0x00007ff7339a0000 - 0x00007ff7339ae000 	F:\ProgamFiles\jdkJava\Temurin-JDK\bin\java.exe
0x00007ffeb75b0000 - 0x00007ffeb77a8000 	C:\WINDOWS\SYSTEM32\ntdll.dll
0x00007ffeb6440000 - 0x00007ffeb6502000 	C:\WINDOWS\System32\KERNEL32.DLL
0x00007ffeb5150000 - 0x00007ffeb5446000 	C:\WINDOWS\System32\KERNELBASE.dll
0x00007ffeb5050000 - 0x00007ffeb5150000 	C:\WINDOWS\System32\ucrtbase.dll
0x00007ffeac820000 - 0x00007ffeac83e000 	F:\ProgamFiles\jdkJava\Temurin-JDK\bin\VCRUNTIME140.dll
0x00007ffeaba60000 - 0x00007ffeaba77000 	F:\ProgamFiles\jdkJava\Temurin-JDK\bin\jli.dll
0x00007ffeb5f40000 - 0x00007ffeb60dd000 	C:\WINDOWS\System32\USER32.dll
0x00007ffeb4dd0000 - 0x00007ffeb4df2000 	C:\WINDOWS\System32\win32u.dll
0x00007ffeb5e10000 - 0x00007ffeb5e3b000 	C:\WINDOWS\System32\GDI32.dll
0x00007ffeb4e90000 - 0x00007ffeb4faa000 	C:\WINDOWS\System32\gdi32full.dll
0x00007ffe97fe0000 - 0x00007ffe9827a000 	C:\WINDOWS\WinSxS\amd64_microsoft.windows.common-controls_6595b64144ccf1df_6.0.19041.4355_none_60b8b9eb71f62e16\COMCTL32.dll
0x00007ffeb6ad0000 - 0x00007ffeb6b6e000 	C:\WINDOWS\System32\msvcrt.dll
0x00007ffeb4fb0000 - 0x00007ffeb504d000 	C:\WINDOWS\System32\msvcp_win.dll
0x00007ffeb57a0000 - 0x00007ffeb57cf000 	C:\WINDOWS\System32\IMM32.DLL
0x00007ffeb0d50000 - 0x00007ffeb0d5c000 	F:\ProgamFiles\jdkJava\Temurin-JDK\bin\vcruntime140_1.dll
0x00007ffe9f5f0000 - 0x00007ffe9f67d000 	F:\ProgamFiles\jdkJava\Temurin-JDK\bin\msvcp140.dll
0x00007ffe741c0000 - 0x00007ffe74f8e000 	F:\ProgamFiles\jdkJava\Temurin-JDK\bin\server\jvm.dll
0x00007ffeb5d50000 - 0x00007ffeb5dff000 	C:\WINDOWS\System32\ADVAPI32.dll
0x00007ffeb5aa0000 - 0x00007ffeb5b3f000 	C:\WINDOWS\System32\sechost.dll
0x00007ffeb6b70000 - 0x00007ffeb6c93000 	C:\WINDOWS\System32\RPCRT4.dll
0x00007ffeb4da0000 - 0x00007ffeb4dc7000 	C:\WINDOWS\System32\bcrypt.dll
0x00007ffeb5ea0000 - 0x00007ffeb5f0b000 	C:\WINDOWS\System32\WS2_32.dll
0x00007ffeb41e0000 - 0x00007ffeb422b000 	C:\WINDOWS\SYSTEM32\POWRPROF.dll
0x00007ffe9d9d0000 - 0x00007ffe9d9f7000 	C:\WINDOWS\SYSTEM32\WINMM.dll
0x00007ffea97f0000 - 0x00007ffea97fa000 	C:\WINDOWS\SYSTEM32\VERSION.dll
0x00007ffeb4080000 - 0x00007ffeb4092000 	C:\WINDOWS\SYSTEM32\UMPDC.dll
0x00007ffeb34b0000 - 0x00007ffeb34c2000 	C:\WINDOWS\SYSTEM32\kernel.appcore.dll
0x00007ffeacb50000 - 0x00007ffeacb5a000 	F:\ProgamFiles\jdkJava\Temurin-JDK\bin\jimage.dll
0x00007ffeb3180000 - 0x00007ffeb3364000 	C:\WINDOWS\SYSTEM32\DBGHELP.DLL
0x00007ffea53a0000 - 0x00007ffea53d4000 	C:\WINDOWS\SYSTEM32\dbgcore.DLL
0x00007ffeb4e00000 - 0x00007ffeb4e82000 	C:\WINDOWS\System32\bcryptPrimitives.dll
0x00007ffea1a00000 - 0x00007ffea1a1e000 	F:\ProgamFiles\jdkJava\Temurin-JDK\bin\java.dll
0x00007ffeb5bc0000 - 0x00007ffeb5ceb000 	C:\WINDOWS\System32\ole32.dll
0x00007ffeb60e0000 - 0x00007ffeb6435000 	C:\WINDOWS\System32\combase.dll
0x00007ffeb6d70000 - 0x00007ffeb74df000 	C:\WINDOWS\System32\SHELL32.dll
0x00007ffeb2900000 - 0x00007ffeb30a3000 	C:\WINDOWS\SYSTEM32\windows.storage.dll
0x00007ffeb4670000 - 0x00007ffeb469b000 	C:\WINDOWS\SYSTEM32\Wldp.dll
0x00007ffeb6ca0000 - 0x00007ffeb6d6d000 	C:\WINDOWS\System32\OLEAUT32.dll
0x00007ffeb56e0000 - 0x00007ffeb578d000 	C:\WINDOWS\System32\SHCORE.dll
0x00007ffeb6a70000 - 0x00007ffeb6ac5000 	C:\WINDOWS\System32\shlwapi.dll
0x00007ffeb4b70000 - 0x00007ffeb4b95000 	C:\WINDOWS\SYSTEM32\profapi.dll
0x00007ffe9f510000 - 0x00007ffe9f5e7000 	F:\ProgamFiles\jdkJava\Temurin-JDK\bin\jsvml.dll
0x00007ffea1600000 - 0x00007ffea1610000 	F:\ProgamFiles\jdkJava\Temurin-JDK\bin\net.dll
0x00007ffeb43d0000 - 0x00007ffeb443c000 	C:\WINDOWS\system32\mswsock.dll
0x00007ffea15b0000 - 0x00007ffea15c6000 	F:\ProgamFiles\jdkJava\Temurin-JDK\bin\nio.dll
0x00007ffea1610000 - 0x00007ffea1627000 	F:\ProgamFiles\jdkJava\Temurin-JDK\bin\zip.dll
0x00007ffea1570000 - 0x00007ffea157e000 	F:\ProgamFiles\jdkJava\Temurin-JDK\bin\sunmscapi.dll
0x00007ffeb4c40000 - 0x00007ffeb4d9d000 	C:\WINDOWS\System32\CRYPT32.dll
0x00007ffeb46e0000 - 0x00007ffeb4707000 	C:\WINDOWS\SYSTEM32\ncrypt.dll
0x00007ffeb46a0000 - 0x00007ffeb46db000 	C:\WINDOWS\SYSTEM32\NTASN1.dll
0x00007ffeb45c0000 - 0x00007ffeb45d8000 	C:\WINDOWS\SYSTEM32\CRYPTSP.dll
0x00007ffeb3c80000 - 0x00007ffeb3cb8000 	C:\WINDOWS\system32\rsaenh.dll
0x00007ffeb4af0000 - 0x00007ffeb4b1e000 	C:\WINDOWS\SYSTEM32\USERENV.dll
0x00007ffeb45e0000 - 0x00007ffeb45ec000 	C:\WINDOWS\SYSTEM32\CRYPTBASE.dll
0x00007ffeb4040000 - 0x00007ffeb407b000 	C:\WINDOWS\SYSTEM32\IPHLPAPI.DLL
0x00007ffeb5790000 - 0x00007ffeb5798000 	C:\WINDOWS\System32\NSI.dll
0x00007ffea15a0000 - 0x00007ffea15aa000 	F:\ProgamFiles\jdkJava\Temurin-JDK\bin\management.dll
0x00007ffea1590000 - 0x00007ffea159b000 	F:\ProgamFiles\jdkJava\Temurin-JDK\bin\management_ext.dll
0x00007ffeb5f10000 - 0x00007ffeb5f18000 	C:\WINDOWS\System32\PSAPI.DLL

dbghelp: loaded successfully - version: 4.0.5 - missing functions: none
symbol engine: initialized successfully - sym options: 0x614 - pdb path: .;F:\ProgamFiles\jdkJava\Temurin-JDK\bin;C:\WINDOWS\SYSTEM32;C:\WINDOWS\WinSxS\amd64_microsoft.windows.common-controls_6595b64144ccf1df_6.0.19041.4355_none_60b8b9eb71f62e16;F:\ProgamFiles\jdkJava\Temurin-JDK\bin\server

VM Arguments:
jvm_args: -Dfile.encoding=UTF-8 -Duser.country=ES -Duser.language=es -Duser.variant 
java_command: com.handyReserve.spring.HandyReserveApplication
java_class_path (initial): F:\Proyectos Java\Spring\HandyReserve\build\classes\java\main;F:\Proyectos Java\Spring\HandyReserve\build\resources\main;F:\ProgamFiles\.gradle\caches\modules-2\files-2.1\org.springframework.boot\spring-boot-starter-web\3.4.5\54cb03e8615f0c10cd44b5b7d155af3d0be7d66a\spring-boot-starter-web-3.4.5.jar;F:\ProgamFiles\.gradle\caches\modules-2\files-2.1\org.springframework.boot\spring-boot-starter-json\3.4.5\b7a87d4565c99754e0fcf4da405ebe3ab0870c88\spring-boot-starter-json-3.4.5.jar;F:\ProgamFiles\.gradle\caches\modules-2\files-2.1\org.springframework.boot\spring-boot-starter\3.4.5\3b1cd30bd3be52f5fd0c0934882ec86ed4457646\spring-boot-starter-3.4.5.jar;F:\ProgamFiles\.gradle\caches\modules-2\files-2.1\org.springframework.boot\spring-boot-starter-tomcat\3.4.5\d3121e25897969409967675c0c450dd3cad45162\spring-boot-starter-tomcat-3.4.5.jar;F:\ProgamFiles\.gradle\caches\modules-2\files-2.1\org.springframework\spring-webmvc\6.2.6\48c37c417d00b9dc12e344892b206bbbf67f0945\spring-webmvc-6.2.6.jar;F:\ProgamFiles\.gradle\caches\modules-2\files-2.1\org.springframework\spring-web\6.2.6\17a4f806e877a1064a2442fe7545b0036fb9550f\spring-web-6.2.6.jar;F:\ProgamFiles\.gradle\caches\modules-2\files-2.1\org.springframework.boot\spring-boot-autoconfigure\3.4.5\c44ad60865ca1d0b88e576b0355e755ed28aec52\spring-boot-autoconfigure-3.4.5.jar;F:\ProgamFiles\.gradle\caches\modules-2\files-2.1\org.springframework.boot\spring-boot\3.4.5\414fcf9f9e0ccb961243d8f36ef8ad6d4040e745\spring-boot-3.4.5.jar;F:\ProgamFiles\.gradle\caches\modules-2\files-2.1\org.springframework.boot\spring-boot-starter-logging\3.4.5\f4821c3181ef6dfbbc5305ebf5a3ed2c5493ef14\spring-boot-starter-logging-3.4.5.jar;F:\ProgamFiles\.gradle\caches\modules-2\files-2.1\jakarta.annotation\jakarta.annotation-api\2.1.1\48b9bda22b091b1f48b13af03fe36db3be6e1ae3\jakarta.annotation-api-2.1.1.jar;F:\ProgamFiles\.gradle\caches\modules-2\files-2.1\org.springframework\spring-context\6.2.6\ae08b2ec4a49ab7acb0b5eea7c309363139d54ad\spring-context-6.2.6.jar;F:\ProgamFiles\.gradle\caches\modules-2\files-2.1\org.springframework\spring-aop\6.2.6\ab5502a1e9694f2ecd001ecb1ee1fc46b29cfbd9\spring-aop-6.2.6.jar;F:\ProgamFiles\.gradle\caches\modules-2\files-2.1\org.springframework\spring-beans\6.2.6\d43abe3b5765748210c511043b1d4904ca216a9f\spring-beans-6.2.6.jar;F:\ProgamFiles\.gradle\caches\modules-2\files-2.1\org.springframework\spring-expression\6.2.6\d9efc768cfda1d97c8fe769a9d50f936eb7f18e2\spring-expression-6.2.6.jar;F:\ProgamFiles\.gradle\caches\modules-2\files-2.1\org.springframework\spring-core\6.2.6\4639dac5fc46cb6a9f6eb2709decfb90313e0f2c\spring-core-6.2.6.jar;F:\ProgamFiles\.gradle\caches\modules-2\files-2.1\org.yaml\snakeyaml\2.3\936b36210e27320f920536f695cf1af210c44586\snakeyaml-2.3.jar;F:\ProgamFiles\.gradle\caches\modules-2\files-2.1\com.fasterxml.jackson.datatype\jackson-datatype-jsr310\2.18.3\cc57924cccf42fc852081c36215272f84ffcd991\jackson-datatype-jsr310-2.18.3.jar;F:\ProgamFiles\.gradle\caches\modules-2\files-2.1\com.fasterxml.jackson.module\jackson-module-parameter-names\2.18.3\fa63ae5eb3956b1a6d7a7ead2b513af89dea22e7\jackson-module-parameter-names-2.18.3.jar;F:\ProgamFiles\.gradle\caches\modules-2\files-2.1\com.fasterxml.jackson.core\jackson-annotations\2.18.3\7fa21cf7da4598f8240e4ebd9779249622af1acd\jackson-annotations-2.18.3.jar;F:\ProgamFiles\.gradle\caches\modules-2\files-2.1\com.fasterxml.jackson.core\jackson-core\2.18.3\78f80c259268200e588aa204dd97ecf09b76916e\jackson-core-2.18.3.jar;F:\ProgamFiles\.gradle\caches\modules-2\files-2.1\com.fasterxml.jackson.datatype\jackson-datatype-jdk8\2.18.3\621558295660935134b171ce2b0d9ad6842ec2ff\jackson-datatype-jdk8-2.18.3.jar;F:\ProgamFiles\.gradle\caches\modules-2\files-2.1\com.fasterxml.jackson.core\jackson-databind\2.18.3\537e3886263e3b3464385040453e92567fd509e2\jackson-databind-2.18.3.jar;F:\ProgamFiles\.gradle\caches\modules-2\files-2.1\org.apache.tomcat.embed\tomcat-embed-websocket\10.1.40\ffdcf96aa28e77858644f4db100e8de896ba58e3\tomcat-embed-websocket-10.1.40.jar;F:\ProgamFiles\.gradle\caches\modules-2\files-2.1\org.apache.tomcat.embed\tomcat-embed-core\10.1.40\fc1c09b726336dc6f7dde0408cebb1a56a3a28d3\tomcat-embed-core-10.1.40.jar;F:\ProgamFiles\.gradle\caches\modules-2\files-2.1\org.apache.tomcat.embed\tomcat-embed-el\10.1.40\1b321790508c1d410689b4f496dae18a97fa6ae9\tomcat-embed-el-10.1.40.jar;F:\ProgamFiles\.gradle\caches\modules-2\files-2.1\io.micrometer\micrometer-observation\1.14.6\3ba55114eb3f2b33431ce6cf80c6114cf2b21c9\micrometer-observation-1.14.6.jar;F:\ProgamFiles\.gradle\caches\modules-2\files-2.1\ch.qos.logback\logback-classic\1.5.18\fc371f3fc97a639de2d67947cffb7518ec5e3d40\logback-classic-1.5.18.jar;F:\ProgamFiles\.gradle\caches\modules-2\files-2.1\org.apache.logging.log4j\log4j-to-slf4j\2.24.3\da1143e2a2531ee1c2d90baa98eb50a28a39d5a7\log4j-to-slf4j-2.24.3.jar;F:\ProgamFiles\.gradle\caches\modules-2\files-2.1\org.slf4j\jul-to-slf4j\2.0.17\524cb6ccc2b68a57604750e1ab8b13b5a786a6aa\jul-to-slf4j-2.0.17.jar;F:\ProgamFiles\.gradle\caches\modules-2\files-2.1\org.springframework\spring-jcl\6.2.6\f4468f33de0015179abb6055964801bc962f8d51\spring-jcl-6.2.6.jar;F:\ProgamFiles\.gradle\caches\modules-2\files-2.1\io.micrometer\micrometer-commons\1.14.6\1a6595762c77bd8401cf51aa11bac8e4fa747545\micrometer-commons-1.14.6.jar;F:\ProgamFiles\.gradle\caches\modules-2\files-2.1\ch.qos.logback\logback-core\1.5.18\6c0375624f6f36b4e089e2488ba21334a11ef13f\logback-core-1.5.18.jar;F:\ProgamFiles\.gradle\caches\modules-2\files-2.1\org.slf4j\slf4j-api\2.0.17\d9e58ac9c7779ba3bf8142aff6c830617a7fe60f\slf4j-api-2.0.17.jar;F:\ProgamFiles\.gradle\caches\modules-2\files-2.1\org.apache.logging.log4j\log4j-api\2.24.3\b02c125db8b6d295adf72ae6e71af5d83bce2370\log4j-api-2.24.3.jar
Launcher Type: SUN_STANDARD

[Global flags]
     intx CICompilerCount                          = 2                                         {product} {ergonomic}
     uint ConcGCThreads                            = 1                                         {product} {ergonomic}
     uint G1ConcRefinementThreads                  = 2                                         {product} {ergonomic}
   size_t G1HeapRegionSize                         = 1048576                                   {product} {ergonomic}
   size_t InitialHeapSize                          = 65011712                                  {product} {ergonomic}
   size_t MarkStackSize                            = 4194304                                   {product} {ergonomic}
   size_t MarkStackSizeMax                         = 536870912                                 {product} {ergonomic}
   size_t MaxHeapSize                              = 1025507328                                {product} {ergonomic}
   size_t MaxNewSize                               = 614465536                                 {product} {ergonomic}
   size_t MinHeapDeltaBytes                        = 1048576                                   {product} {ergonomic}
   size_t MinHeapSize                              = 8388608                                   {product} {ergonomic}
    uintx NonNMethodCodeHeapSize                   = 5767168                                {pd product} {ergonomic}
    uintx NonProfiledCodeHeapSize                  = 123011072                              {pd product} {ergonomic}
    uintx ProfiledCodeHeapSize                     = 122880000                              {pd product} {ergonomic}
    uintx ReservedCodeCacheSize                    = 251658240                              {pd product} {ergonomic}
     bool SegmentedCodeCache                       = true                                      {product} {ergonomic}
   size_t SoftMaxHeapSize                          = 1025507328                             {manageable} {ergonomic}
     bool UseCompressedOops                        = true                           {product lp64_product} {ergonomic}
     bool UseG1GC                                  = true                                      {product} {ergonomic}
     bool UseLargePagesIndividualAllocation        = false                                  {pd product} {ergonomic}

Logging:
Log output configuration:
 #0: stdout all=warning uptime,level,tags foldmultilines=false
 #1: stderr all=off uptime,level,tags foldmultilines=false

Environment Variables:
PATH=C:\WINDOWS\system32;C:\WINDOWS;C:\WINDOWS\System32\Wbem;C:\WINDOWS\System32\WindowsPowerShell\v1.0\;C:\WINDOWS\System32\OpenSSH\;F:\ProgamFiles\Git\cmd;F:\ProgamFiles\jdkJava\Temurin-JDK\bin;C:\Users\Pablo\AppData\Local\Microsoft\WindowsApps;;F:\ProgamFiles\IntelliJ IDEA Community Edition 2024.3.5\bin;
USERNAME=Pablo
OS=Windows_NT
PROCESSOR_IDENTIFIER=Intel64 Family 6 Model 122 Stepping 8, GenuineIntel
TMP=C:\Users\Pablo\AppData\Local\Temp
TEMP=C:\Users\Pablo\AppData\Local\Temp




Periodic native trim disabled

---------------  S Y S T E M  ---------------

OS:
 Windows 10 , 64 bit Build 19041 (10.0.19041.5678)
OS uptime: 16 days 20:46 hours

CPU: total 2 (initial active 2) (2 cores per cpu, 1 threads per core) family 6 model 122 stepping 8 microcode 0x16, cx8, cmov, fxsr, mmx, 3dnowpref, sse, sse2, sse3, ssse3, sse4.1, sse4.2, popcnt, tsc, tscinvbit, aes, erms, clmul, sha, clflush, clflushopt, rdtscp, rdpid
Processor Information for the first 2 processors :
  Max Mhz: 1101, Current Mhz: 1101, Mhz Limit: 1101

Memory: 4k page, system-wide physical 3911M (227M free)
TotalPageFile size 7182M (AvailPageFile size 6M)
current process WorkingSet (physical memory assigned to process): 112M, peak: 128M
current process commit charge ("private bytes"): 160M, peak: 186M

vm_info: OpenJDK 64-Bit Server VM (23.0.2+7) for windows-amd64 JRE (23.0.2+7), built on 2025-01-21T00:00:00Z with MS VC++ 17.7 (VS2022)

END.
